<?xml version="1.0" encoding="UTF-8"?>
<!-- Generated by org.testng.reporters.JUnitReportReporter -->
<testsuite hostname="CFS-LP-0218" failures="0" tests="8" name="testCases.TC003_LoginDDT" time="86.460" errors="0" timestamp="2024-09-05T17:35:40 IST" skipped="0">
  <testcase classname="testCases.TC003_LoginDDT" name="verify_loginDDT" time="5.009"/>
  <testcase classname="testCases.TC003_LoginDDT" name="verify_loginDDT" time="14.067"/>
  <testcase classname="testCases.TC003_LoginDDT" name="verify_loginDDT" time="14.238"/>
  <testcase classname="testCases.TC003_LoginDDT" name="verify_loginDDT" time="14.387"/>
  <testcase classname="testCases.TC003_LoginDDT" name="verify_loginDDT" time="4.940"/>
  <testcase classname="testCases.TC003_LoginDDT" name="verify_loginDDT" time="5.140"/>
  <testcase classname="testCases.TC003_LoginDDT" name="verify_loginDDT" time="14.365"/>
  <testcase classname="testCases.TC003_LoginDDT" name="verify_loginDDT" time="14.314"/>
</testsuite> <!-- testCases.TC003_LoginDDT -->
