<?xml version="1.0" encoding="UTF-8"?>
<!-- Generated by org.testng.reporters.JUnitReportReporter -->
<testsuite hostname="CFS-LP-0063" failures="0" tests="6" name="SecondFlow.Service_Agreement_flow_CheckboxFlow" time="596.646" errors="0" timestamp="2024-07-01T15:39:36 IST" skipped="0">
  <testcase classname="SecondFlow.Service_Agreement_flow_CheckboxFlow" name="NotAunthorizedToMaintainAgreements" time="108.886"/>
  <system-out/>
  <testcase classname="SecondFlow.Service_Agreement_flow_CheckboxFlow" name="NotificationOnOpportunityisProceeded" time="65.758"/>
  <system-out/>
  <testcase classname="SecondFlow.Service_Agreement_flow_CheckboxFlow" name="MustHaveBillToAccountToProcessTheOpportunity" time="89.786"/>
  <system-out/>
  <testcase classname="SecondFlow.Service_Agreement_flow_CheckboxFlow" name="OpportunitymustbeClosedWon" time="103.868"/>
  <system-out/>
  <testcase classname="SecondFlow.Service_Agreement_flow_CheckboxFlow" name="YouCannotProcessNewOpportunitywithCurrentServiceAgreement" time="121.736"/>
  <system-out/>
  <testcase classname="SecondFlow.Service_Agreement_flow_CheckboxFlow" name="missingInformation" time="106.612"/>
  <system-out/>
</testsuite> <!-- SecondFlow.Service_Agreement_flow_CheckboxFlow -->
