<?xml version="1.0" encoding="UTF-8"?>
<!-- Generated by org.testng.reporters.JUnitReportReporter -->
<testsuite hostname="CFS-LP-0063" failures="0" tests="1" name="CallReview.Service_Agreement_flow" time="138.259" errors="0" timestamp="2024-07-03T17:06:46 IST" skipped="0">
  <testcase classname="CallReview.Service_Agreement_flow" name="NotAunthorizedToMaintainAgreements" time="138.259"/>
  <system-out/>
</testsuite> <!-- CallReview.Service_Agreement_flow -->
